# JRE version: Java(TM) SE Runtime Environment (8.0_11-b12) (build 1.8.0_11-b12)
# Java VM: Java HotSpot(TM) 64-Bit Server VM (25.11-b03 mixed mode windows-amd64 compressed oops)
Heap:
 PSYoungGen      total 233472K, used 199419K [0x00000000f0000000, 0x0000000100000000, 0x0000000100000000)
  eden space 219136K, 84% used [0x00000000f0000000,0x00000000fb4bfde0,0x00000000fd600000)
  from space 14336K, 99% used [0x00000000ff200000,0x00000000fffff1c0,0x0000000100000000)
  to   space 21504K, 0% used [0x00000000fd600000,0x00000000fd600000,0x00000000feb00000)
 ParOldGen       total 96256K, used 83465K [0x00000000d0000000, 0x00000000d5e00000, 0x00000000f0000000)
  object space 96256K, 86% used [0x00000000d0000000,0x00000000d5182530,0x00000000d5e00000)
 Metaspace       used 59722K, capacity 61462K, committed 61720K, reserved 1103872K
  class space    used 6632K, capacity 7121K, committed 7208K, reserved 1048576K
GC Heap History (10 events):
Event: 19.149 GC heap before
{Heap before GC invocations=46 (full 5):
 PSYoungGen      total 249856K, used 237506K [0x00000000f0000000, 0x00000000fff00000, 0x0000000100000000)
  eden space 238592K, 97% used [0x00000000f0000000,0x00000000fe23a430,0x00000000fe900000)
  from space 11264K, 51% used [0x00000000ff400000,0x00000000ff9b6688,0x00000000fff00000)
  to   space 11264K, 0% used [0x00000000fe900000,0x00000000fe900000,0x00000000ff400000)
 ParOldGen       total 79872K, used 63744K [0x00000000d0000000, 0x00000000d4e00000, 0x00000000f0000000)
  object space 79872K, 79% used [0x00000000d0000000,0x00000000d3e40020,0x00000000d4e00000)
 Metaspace       used 53862K, capacity 55420K, committed 55832K, reserved 1099776K
  class space    used 5908K, capacity 6346K, committed 6440K, reserved 1048576K
Event: 19.169 GC heap after
Heap after GC invocations=46 (full 5):
 PSYoungGen      total 249856K, used 9365K [0x00000000f0000000, 0x0000000100000000, 0x0000000100000000)
  eden space 238592K, 0% used [0x00000000f0000000,0x00000000f0000000,0x00000000fe900000)
  from space 11264K, 83% used [0x00000000fe900000,0x00000000ff2254b0,0x00000000ff400000)
  to   space 12288K, 0% used [0x00000000ff400000,0x00000000ff400000,0x0000000100000000)
 ParOldGen       total 79872K, used 63752K [0x00000000d0000000, 0x00000000d4e00000, 0x00000000f0000000)
  object space 79872K, 79% used [0x00000000d0000000,0x00000000d3e42020,0x00000000d4e00000)
 Metaspace       used 53862K, capacity 55420K, committed 55832K, reserved 1099776K
  class space    used 5908K, capacity 6346K, committed 6440K, reserved 1048576K
}
Event: 19.735 GC heap before
{Heap before GC invocations=47 (full 5):
 PSYoungGen      total 249856K, used 238778K [0x00000000f0000000, 0x0000000100000000, 0x0000000100000000)
  eden space 238592K, 96% used [0x00000000f0000000,0x00000000fe0096e8,0x00000000fe900000)
  from space 11264K, 83% used [0x00000000fe900000,0x00000000ff2254b0,0x00000000ff400000)
  to   space 12288K, 0% used [0x00000000ff400000,0x00000000ff400000,0x0000000100000000)
 ParOldGen       total 79872K, used 63752K [0x00000000d0000000, 0x00000000d4e00000, 0x00000000f0000000)
  object space 79872K, 79% used [0x00000000d0000000,0x00000000d3e42020,0x00000000d4e00000)
 Metaspace       used 54979K, capacity 56494K, committed 56728K, reserved 1099776K
  class space    used 6059K, capacity 6509K, committed 6568K, reserved 1048576K
Event: 19.756 GC heap after
Heap after GC invocations=47 (full 5):
 PSYoungGen      total 245760K, used 12276K [0x00000000f0000000, 0x0000000100000000, 0x0000000100000000)
  eden space 233472K, 0% used [0x00000000f0000000,0x00000000f0000000,0x00000000fe400000)
  from space 12288K, 99% used [0x00000000ff400000,0x00000000ffffd050,0x0000000100000000)
  to   space 14336K, 0% used [0x00000000fe400000,0x00000000fe400000,0x00000000ff200000)
 ParOldGen       total 79872K, used 64333K [0x00000000d0000000, 0x00000000d4e00000, 0x00000000f0000000)
  object space 79872K, 80% used [0x00000000d0000000,0x00000000d3ed3490,0x00000000d4e00000)
 Metaspace       used 54979K, capacity 56494K, committed 56728K, reserved 1099776K
  class space    used 6059K, capacity 6509K, committed 6568K, reserved 1048576K
}
Event: 20.773 GC heap before
{Heap before GC invocations=48 (full 5):
 PSYoungGen      total 245760K, used 245748K [0x00000000f0000000, 0x0000000100000000, 0x0000000100000000)
  eden space 233472K, 100% used [0x00000000f0000000,0x00000000fe400000,0x00000000fe400000)
  from space 12288K, 99% used [0x00000000ff400000,0x00000000ffffd050,0x0000000100000000)
  to   space 14336K, 0% used [0x00000000fe400000,0x00000000fe400000,0x00000000ff200000)
 ParOldGen       total 79872K, used 64333K [0x00000000d0000000, 0x00000000d4e00000, 0x00000000f0000000)
  object space 79872K, 80% used [0x00000000d0000000,0x00000000d3ed3490,0x00000000d4e00000)
 Metaspace       used 56086K, capacity 57732K, committed 57880K, reserved 1099776K
  class space    used 6194K, capacity 6656K, committed 6696K, reserved 1048576K
Event: 20.784 GC heap after
Heap after GC invocations=48 (full 5):
 PSYoungGen      total 247808K, used 14320K [0x00000000f0000000, 0x0000000100000000, 0x0000000100000000)
  eden space 233472K, 0% used [0x00000000f0000000,0x00000000f0000000,0x00000000fe400000)
  from space 14336K, 99% used [0x00000000fe400000,0x00000000ff1fc010,0x00000000ff200000)
  to   space 14336K, 0% used [0x00000000ff200000,0x00000000ff200000,0x0000000100000000)
 ParOldGen       total 79872K, used 70102K [0x00000000d0000000, 0x00000000d4e00000, 0x00000000f0000000)
  object space 79872K, 87% used [0x00000000d0000000,0x00000000d4475bf0,0x00000000d4e00000)
 Metaspace       used 56086K, capacity 57732K, committed 57880K, reserved 1099776K
  class space    used 6194K, capacity 6656K, committed 6696K, reserved 1048576K
}
Event: 20.784 GC heap before
{Heap before GC invocations=49 (full 6):
 PSYoungGen      total 247808K, used 14320K [0x00000000f0000000, 0x0000000100000000, 0x0000000100000000)
  eden space 233472K, 0% used [0x00000000f0000000,0x00000000f0000000,0x00000000fe400000)
  from space 14336K, 99% used [0x00000000fe400000,0x00000000ff1fc010,0x00000000ff200000)
  to   space 14336K, 0% used [0x00000000ff200000,0x00000000ff200000,0x0000000100000000)
 ParOldGen       total 79872K, used 70102K [0x00000000d0000000, 0x00000000d4e00000, 0x00000000f0000000)
  object space 79872K, 87% used [0x00000000d0000000,0x00000000d4475bf0,0x00000000d4e00000)
 Metaspace       used 56086K, capacity 57732K, committed 57880K, reserved 1099776K
  class space    used 6194K, capacity 6656K, committed 6696K, reserved 1048576K
Event: 21.637 GC heap after
Heap after GC invocations=49 (full 6):
 PSYoungGen      total 247808K, used 3557K [0x00000000f0000000, 0x0000000100000000, 0x0000000100000000)
  eden space 233472K, 0% used [0x00000000f0000000,0x00000000f0000000,0x00000000fe400000)
  from space 14336K, 24% used [0x00000000fe400000,0x00000000fe7794f0,0x00000000ff200000)
  to   space 14336K, 0% used [0x00000000ff200000,0x00000000ff200000,0x0000000100000000)
 ParOldGen       total 96256K, used 79483K [0x00000000d0000000, 0x00000000d5e00000, 0x00000000f0000000)
  object space 96256K, 82% used [0x00000000d0000000,0x00000000d4d9ece0,0x00000000d5e00000)
 Metaspace       used 56086K, capacity 57732K, committed 57880K, reserved 1099776K
  class space    used 6194K, capacity 6656K, committed 6696K, reserved 1048576K
}
Event: 22.925 GC heap before
{Heap before GC invocations=50 (full 6):
 PSYoungGen      total 247808K, used 237029K [0x00000000f0000000, 0x0000000100000000, 0x0000000100000000)
  eden space 233472K, 100% used [0x00000000f0000000,0x00000000fe400000,0x00000000fe400000)
  from space 14336K, 24% used [0x00000000fe400000,0x00000000fe7794f0,0x00000000ff200000)
  to   space 14336K, 0% used [0x00000000ff200000,0x00000000ff200000,0x0000000100000000)
 ParOldGen       total 96256K, used 79483K [0x00000000d0000000, 0x00000000d5e00000, 0x00000000f0000000)
  object space 96256K, 82% used [0x00000000d0000000,0x00000000d4d9ece0,0x00000000d5e00000)
 Metaspace       used 58443K, capacity 60124K, committed 60440K, reserved 1103872K
  class space    used 6423K, capacity 6916K, committed 6952K, reserved 1048576K
Event: 22.951 GC heap after
Heap after GC invocations=50 (full 6):
 PSYoungGen      total 233472K, used 14332K [0x00000000f0000000, 0x0000000100000000, 0x0000000100000000)
  eden space 219136K, 0% used [0x00000000f0000000,0x00000000f0000000,0x00000000fd600000)
  from space 14336K, 99% used [0x00000000ff200000,0x00000000fffff1c0,0x0000000100000000)
  to   space 21504K, 0% used [0x00000000fd600000,0x00000000fd600000,0x00000000feb00000)
 ParOldGen       total 96256K, used 83465K [0x00000000d0000000, 0x00000000d5e00000, 0x00000000f0000000)
  object space 96256K, 86% used [0x00000000d0000000,0x00000000d5182530,0x00000000d5e00000)
 Metaspace       used 58443K, capacity 60124K, committed 60440K, reserved 1103872K
  class space    used 6423K, capacity 6916K, committed 6952K, reserved 1048576K
}

