# JRE version: Java(TM) SE Runtime Environment (8.0_11-b12) (build 1.8.0_11-b12)
# Java VM: Java HotSpot(TM) 64-Bit Server VM (25.11-b03 mixed mode windows-amd64 compressed oops)
Heap:
 PSYoungGen      total 222208K, used 69860K [0x00000000f0000000, 0x0000000100000000, 0x0000000100000000)
  eden space 201728K, 24% used [0x00000000f0000000,0x00000000f30393e0,0x00000000fc500000)
  from space 20480K, 99% used [0x00000000fec00000,0x00000000fffffcf0,0x0000000100000000)
  to   space 30208K, 0% used [0x00000000fc500000,0x00000000fc500000,0x00000000fe280000)
 ParOldGen       total 91136K, used 79542K [0x00000000d0000000, 0x00000000d5900000, 0x00000000f0000000)
  object space 91136K, 87% used [0x00000000d0000000,0x00000000d4dadbc8,0x00000000d5900000)
 Metaspace       used 59535K, capacity 61296K, committed 61644K, reserved 1103872K
  class space    used 6605K, capacity 7111K, committed 7168K, reserved 1048576K
GC Heap History (10 events):
Event: 19.741 GC heap before
{Heap before GC invocations=60 (full 5):
 PSYoungGen      total 241664K, used 232810K [0x00000000f0000000, 0x00000000ffd00000, 0x0000000100000000)
  eden space 225280K, 100% used [0x00000000f0000000,0x00000000fdc00000,0x00000000fdc00000)
  from space 16384K, 45% used [0x00000000fed00000,0x00000000ff45a888,0x00000000ffd00000)
  to   space 16896K, 0% used [0x00000000fdc00000,0x00000000fdc00000,0x00000000fec80000)
 ParOldGen       total 76288K, used 63542K [0x00000000d0000000, 0x00000000d4a80000, 0x00000000f0000000)
  object space 76288K, 83% used [0x00000000d0000000,0x00000000d3e0da90,0x00000000d4a80000)
 Metaspace       used 54450K, capacity 55968K, committed 56396K, reserved 1099776K
  class space    used 5996K, capacity 6442K, committed 6528K, reserved 1048576K
Event: 19.769 GC heap after
Heap after GC invocations=60 (full 5):
 PSYoungGen      total 242176K, used 11190K [0x00000000f0000000, 0x0000000100000000, 0x0000000100000000)
  eden space 225280K, 0% used [0x00000000f0000000,0x00000000f0000000,0x00000000fdc00000)
  from space 16896K, 66% used [0x00000000fdc00000,0x00000000fe6edbb8,0x00000000fec80000)
  to   space 17920K, 0% used [0x00000000fee80000,0x00000000fee80000,0x0000000100000000)
 ParOldGen       total 76288K, used 63550K [0x00000000d0000000, 0x00000000d4a80000, 0x00000000f0000000)
  object space 76288K, 83% used [0x00000000d0000000,0x00000000d3e0fa90,0x00000000d4a80000)
 Metaspace       used 54450K, capacity 55968K, committed 56396K, reserved 1099776K
  class space    used 5996K, capacity 6442K, committed 6528K, reserved 1048576K
}
Event: 20.827 GC heap before
{Heap before GC invocations=61 (full 5):
 PSYoungGen      total 242176K, used 236470K [0x00000000f0000000, 0x0000000100000000, 0x0000000100000000)
  eden space 225280K, 100% used [0x00000000f0000000,0x00000000fdc00000,0x00000000fdc00000)
  from space 16896K, 66% used [0x00000000fdc00000,0x00000000fe6edbb8,0x00000000fec80000)
  to   space 17920K, 0% used [0x00000000fee80000,0x00000000fee80000,0x0000000100000000)
 ParOldGen       total 76288K, used 63550K [0x00000000d0000000, 0x00000000d4a80000, 0x00000000f0000000)
  object space 76288K, 83% used [0x00000000d0000000,0x00000000d3e0fa90,0x00000000d4a80000)
 Metaspace       used 55669K, capacity 57314K, committed 57548K, reserved 1099776K
  class space    used 6143K, capacity 6622K, committed 6656K, reserved 1048576K
Event: 20.841 GC heap after
Heap after GC invocations=61 (full 5):
 PSYoungGen      total 239104K, used 17429K [0x00000000f0000000, 0x0000000100000000, 0x0000000100000000)
  eden space 221184K, 0% used [0x00000000f0000000,0x00000000f0000000,0x00000000fd800000)
  from space 17920K, 97% used [0x00000000fee80000,0x00000000fff85770,0x0000000100000000)
  to   space 20480K, 0% used [0x00000000fd800000,0x00000000fd800000,0x00000000fec00000)
 ParOldGen       total 76288K, used 63558K [0x00000000d0000000, 0x00000000d4a80000, 0x00000000f0000000)
  object space 76288K, 83% used [0x00000000d0000000,0x00000000d3e11a90,0x00000000d4a80000)
 Metaspace       used 55669K, capacity 57314K, committed 57548K, reserved 1099776K
  class space    used 6143K, capacity 6622K, committed 6656K, reserved 1048576K
}
Event: 22.333 GC heap before
{Heap before GC invocations=62 (full 5):
 PSYoungGen      total 239104K, used 238613K [0x00000000f0000000, 0x0000000100000000, 0x0000000100000000)
  eden space 221184K, 100% used [0x00000000f0000000,0x00000000fd800000,0x00000000fd800000)
  from space 17920K, 97% used [0x00000000fee80000,0x00000000fff85770,0x0000000100000000)
  to   space 20480K, 0% used [0x00000000fd800000,0x00000000fd800000,0x00000000fec00000)
 ParOldGen       total 76288K, used 63558K [0x00000000d0000000, 0x00000000d4a80000, 0x00000000f0000000)
  object space 76288K, 83% used [0x00000000d0000000,0x00000000d3e11a90,0x00000000d4a80000)
 Metaspace       used 57394K, capacity 59066K, committed 59468K, reserved 1101824K
  class space    used 6291K, capacity 6755K, committed 6784K, reserved 1048576K
Event: 22.352 GC heap after
Heap after GC invocations=62 (full 5):
 PSYoungGen      total 241664K, used 20465K [0x00000000f0000000, 0x0000000100000000, 0x0000000100000000)
  eden space 221184K, 0% used [0x00000000f0000000,0x00000000f0000000,0x00000000fd800000)
  from space 20480K, 99% used [0x00000000fd800000,0x00000000febfc580,0x00000000fec00000)
  to   space 20480K, 0% used [0x00000000fec00000,0x00000000fec00000,0x0000000100000000)
 ParOldGen       total 76288K, used 71444K [0x00000000d0000000, 0x00000000d4a80000, 0x00000000f0000000)
  object space 76288K, 93% used [0x00000000d0000000,0x00000000d45c5050,0x00000000d4a80000)
 Metaspace       used 57394K, capacity 59066K, committed 59468K, reserved 1101824K
  class space    used 6291K, capacity 6755K, committed 6784K, reserved 1048576K
}
Event: 22.352 GC heap before
{Heap before GC invocations=63 (full 6):
 PSYoungGen      total 241664K, used 20465K [0x00000000f0000000, 0x0000000100000000, 0x0000000100000000)
  eden space 221184K, 0% used [0x00000000f0000000,0x00000000f0000000,0x00000000fd800000)
  from space 20480K, 99% used [0x00000000fd800000,0x00000000febfc580,0x00000000fec00000)
  to   space 20480K, 0% used [0x00000000fec00000,0x00000000fec00000,0x0000000100000000)
 ParOldGen       total 76288K, used 71444K [0x00000000d0000000, 0x00000000d4a80000, 0x00000000f0000000)
  object space 76288K, 93% used [0x00000000d0000000,0x00000000d45c5050,0x00000000d4a80000)
 Metaspace       used 57394K, capacity 59066K, committed 59468K, reserved 1101824K
  class space    used 6291K, capacity 6755K, committed 6784K, reserved 1048576K
Event: 23.342 GC heap after
Heap after GC invocations=63 (full 6):
 PSYoungGen      total 241664K, used 15269K [0x00000000f0000000, 0x0000000100000000, 0x0000000100000000)
  eden space 221184K, 0% used [0x00000000f0000000,0x00000000f0000000,0x00000000fd800000)
  from space 20480K, 74% used [0x00000000fd800000,0x00000000fe6e97e0,0x00000000fec00000)
  to   space 20480K, 0% used [0x00000000fec00000,0x00000000fec00000,0x0000000100000000)
 ParOldGen       total 91136K, used 76107K [0x00000000d0000000, 0x00000000d5900000, 0x00000000f0000000)
  object space 91136K, 83% used [0x00000000d0000000,0x00000000d4a52e08,0x00000000d5900000)
 Metaspace       used 57394K, capacity 59066K, committed 59468K, reserved 1101824K
  class space    used 6291K, capacity 6755K, committed 6784K, reserved 1048576K
}
Event: 24.159 GC heap before
{Heap before GC invocations=64 (full 6):
 PSYoungGen      total 241664K, used 236453K [0x00000000f0000000, 0x0000000100000000, 0x0000000100000000)
  eden space 221184K, 100% used [0x00000000f0000000,0x00000000fd800000,0x00000000fd800000)
  from space 20480K, 74% used [0x00000000fd800000,0x00000000fe6e97e0,0x00000000fec00000)
  to   space 20480K, 0% used [0x00000000fec00000,0x00000000fec00000,0x0000000100000000)
 ParOldGen       total 91136K, used 76107K [0x00000000d0000000, 0x00000000d5900000, 0x00000000f0000000)
  object space 91136K, 83% used [0x00000000d0000000,0x00000000d4a52e08,0x00000000d5900000)
 Metaspace       used 59268K, capacity 60966K, committed 61388K, reserved 1103872K
  class space    used 6551K, capacity 7046K, committed 7168K, reserved 1048576K
Event: 24.204 GC heap after
Heap after GC invocations=64 (full 6):
 PSYoungGen      total 222208K, used 20479K [0x00000000f0000000, 0x0000000100000000, 0x0000000100000000)
  eden space 201728K, 0% used [0x00000000f0000000,0x00000000f0000000,0x00000000fc500000)
  from space 20480K, 99% used [0x00000000fec00000,0x00000000fffffcf0,0x0000000100000000)
  to   space 30208K, 0% used [0x00000000fc500000,0x00000000fc500000,0x00000000fe280000)
 ParOldGen       total 91136K, used 79542K [0x00000000d0000000, 0x00000000d5900000, 0x00000000f0000000)
  object space 91136K, 87% used [0x00000000d0000000,0x00000000d4dadbc8,0x00000000d5900000)
 Metaspace       used 59268K, capacity 60966K, committed 61388K, reserved 1103872K
  class space    used 6551K, capacity 7046K, committed 7168K, reserved 1048576K
}

