# JRE version: Java(TM) SE Runtime Environment (8.0_11-b12) (build 1.8.0_11-b12)
# Java VM: Java HotSpot(TM) 64-Bit Server VM (25.11-b03 mixed mode windows-amd64 compressed oops)
Heap:
 PSYoungGen      total 226304K, used 218312K [0x00000000f0000000, 0x0000000100000000, 0x0000000100000000)
  eden space 202752K, 96% used [0x00000000f0000000,0x00000000fbe77208,0x00000000fc600000)
  from space 23552K, 98% used [0x00000000fc600000,0x00000000fdcbaea0,0x00000000fdd00000)
  to   space 32256K, 0% used [0x00000000fe080000,0x00000000fe080000,0x0000000100000000)
 ParOldGen       total 92160K, used 76637K [0x00000000d0000000, 0x00000000d5a00000, 0x00000000f0000000)
  object space 92160K, 83% used [0x00000000d0000000,0x00000000d4ad7608,0x00000000d5a00000)
 Metaspace       used 60134K, capacity 61884K, committed 62080K, reserved 1103872K
  class space    used 6684K, capacity 7170K, committed 7296K, reserved 1048576K
GC Heap History (10 events):
Event: 18.342 GC heap before
{Heap before GC invocations=47 (full 3):
 PSYoungGen      total 244736K, used 235349K [0x00000000f0000000, 0x0000000100000000, 0x0000000100000000)
  eden space 231424K, 96% used [0x00000000f0000000,0x00000000fd91fa18,0x00000000fe200000)
  from space 13312K, 97% used [0x00000000fe200000,0x00000000feeb5b78,0x00000000fef00000)
  to   space 16896K, 0% used [0x00000000fef80000,0x00000000fef80000,0x0000000100000000)
 ParOldGen       total 73728K, used 60306K [0x00000000d0000000, 0x00000000d4800000, 0x00000000f0000000)
  object space 73728K, 81% used [0x00000000d0000000,0x00000000d3ae4a78,0x00000000d4800000)
 Metaspace       used 54122K, capacity 55686K, committed 55936K, reserved 1099776K
  class space    used 5956K, capacity 6408K, committed 6528K, reserved 1048576K
Event: 18.357 GC heap after
Heap after GC invocations=47 (full 3):
 PSYoungGen      total 241152K, used 16039K [0x00000000f0000000, 0x0000000100000000, 0x0000000100000000)
  eden space 224256K, 0% used [0x00000000f0000000,0x00000000f0000000,0x00000000fdb00000)
  from space 16896K, 94% used [0x00000000fef80000,0x00000000fff29f98,0x0000000100000000)
  to   space 18944K, 0% used [0x00000000fdb00000,0x00000000fdb00000,0x00000000fed80000)
 ParOldGen       total 73728K, used 60314K [0x00000000d0000000, 0x00000000d4800000, 0x00000000f0000000)
  object space 73728K, 81% used [0x00000000d0000000,0x00000000d3ae6a78,0x00000000d4800000)
 Metaspace       used 54122K, capacity 55686K, committed 55936K, reserved 1099776K
  class space    used 5956K, capacity 6408K, committed 6528K, reserved 1048576K
}
Event: 19.474 GC heap before
{Heap before GC invocations=48 (full 3):
 PSYoungGen      total 241152K, used 240295K [0x00000000f0000000, 0x0000000100000000, 0x0000000100000000)
  eden space 224256K, 100% used [0x00000000f0000000,0x00000000fdb00000,0x00000000fdb00000)
  from space 16896K, 94% used [0x00000000fef80000,0x00000000fff29f98,0x0000000100000000)
  to   space 18944K, 0% used [0x00000000fdb00000,0x00000000fdb00000,0x00000000fed80000)
 ParOldGen       total 73728K, used 60314K [0x00000000d0000000, 0x00000000d4800000, 0x00000000f0000000)
  object space 73728K, 81% used [0x00000000d0000000,0x00000000d3ae6a78,0x00000000d4800000)
 Metaspace       used 55358K, capacity 56922K, committed 57344K, reserved 1099776K
  class space    used 6102K, capacity 6552K, committed 6656K, reserved 1048576K
Event: 19.510 GC heap after
Heap after GC invocations=48 (full 3):
 PSYoungGen      total 243200K, used 18924K [0x00000000f0000000, 0x0000000100000000, 0x0000000100000000)
  eden space 224256K, 0% used [0x00000000f0000000,0x00000000f0000000,0x00000000fdb00000)
  from space 18944K, 99% used [0x00000000fdb00000,0x00000000fed7b128,0x00000000fed80000)
  to   space 18944K, 0% used [0x00000000fed80000,0x00000000fed80000,0x0000000100000000)
 ParOldGen       total 73728K, used 63652K [0x00000000d0000000, 0x00000000d4800000, 0x00000000f0000000)
  object space 73728K, 86% used [0x00000000d0000000,0x00000000d3e29068,0x00000000d4800000)
 Metaspace       used 55358K, capacity 56922K, committed 57344K, reserved 1099776K
  class space    used 6102K, capacity 6552K, committed 6656K, reserved 1048576K
}
Event: 20.917 GC heap before
{Heap before GC invocations=49 (full 3):
 PSYoungGen      total 243200K, used 243180K [0x00000000f0000000, 0x0000000100000000, 0x0000000100000000)
  eden space 224256K, 100% used [0x00000000f0000000,0x00000000fdb00000,0x00000000fdb00000)
  from space 18944K, 99% used [0x00000000fdb00000,0x00000000fed7b128,0x00000000fed80000)
  to   space 18944K, 0% used [0x00000000fed80000,0x00000000fed80000,0x0000000100000000)
 ParOldGen       total 73728K, used 63652K [0x00000000d0000000, 0x00000000d4800000, 0x00000000f0000000)
  object space 73728K, 86% used [0x00000000d0000000,0x00000000d3e29068,0x00000000d4800000)
 Metaspace       used 57144K, capacity 58790K, committed 59008K, reserved 1101824K
  class space    used 6258K, capacity 6723K, committed 6784K, reserved 1048576K
Event: 20.961 GC heap after
Heap after GC invocations=49 (full 3):
 PSYoungGen      total 221696K, used 18912K [0x00000000f0000000, 0x0000000100000000, 0x0000000100000000)
  eden space 202752K, 0% used [0x00000000f0000000,0x00000000f0000000,0x00000000fc600000)
  from space 18944K, 99% used [0x00000000fed80000,0x00000000ffff8300,0x0000000100000000)
  to   space 29696K, 0% used [0x00000000fc600000,0x00000000fc600000,0x00000000fe300000)
 ParOldGen       total 76288K, used 75522K [0x00000000d0000000, 0x00000000d4a80000, 0x00000000f0000000)
  object space 76288K, 98% used [0x00000000d0000000,0x00000000d49c0ad8,0x00000000d4a80000)
 Metaspace       used 57144K, capacity 58790K, committed 59008K, reserved 1101824K
  class space    used 6258K, capacity 6723K, committed 6784K, reserved 1048576K
}
Event: 20.961 GC heap before
{Heap before GC invocations=50 (full 4):
 PSYoungGen      total 221696K, used 18912K [0x00000000f0000000, 0x0000000100000000, 0x0000000100000000)
  eden space 202752K, 0% used [0x00000000f0000000,0x00000000f0000000,0x00000000fc600000)
  from space 18944K, 99% used [0x00000000fed80000,0x00000000ffff8300,0x0000000100000000)
  to   space 29696K, 0% used [0x00000000fc600000,0x00000000fc600000,0x00000000fe300000)
 ParOldGen       total 76288K, used 75522K [0x00000000d0000000, 0x00000000d4a80000, 0x00000000f0000000)
  object space 76288K, 98% used [0x00000000d0000000,0x00000000d49c0ad8,0x00000000d4a80000)
 Metaspace       used 57144K, capacity 58790K, committed 59008K, reserved 1101824K
  class space    used 6258K, capacity 6723K, committed 6784K, reserved 1048576K
Event: 22.170 GC heap after
Heap after GC invocations=50 (full 4):
 PSYoungGen      total 221696K, used 15196K [0x00000000f0000000, 0x0000000100000000, 0x0000000100000000)
  eden space 202752K, 0% used [0x00000000f0000000,0x00000000f0000000,0x00000000fc600000)
  from space 18944K, 80% used [0x00000000fed80000,0x00000000ffc570b8,0x0000000100000000)
  to   space 29696K, 0% used [0x00000000fc600000,0x00000000fc600000,0x00000000fe300000)
 ParOldGen       total 92160K, used 76065K [0x00000000d0000000, 0x00000000d5a00000, 0x00000000f0000000)
  object space 92160K, 82% used [0x00000000d0000000,0x00000000d4a485e8,0x00000000d5a00000)
 Metaspace       used 57144K, capacity 58790K, committed 59008K, reserved 1101824K
  class space    used 6258K, capacity 6723K, committed 6784K, reserved 1048576K
}
Event: 23.059 GC heap before
{Heap before GC invocations=51 (full 4):
 PSYoungGen      total 221696K, used 216512K [0x00000000f0000000, 0x0000000100000000, 0x0000000100000000)
  eden space 202752K, 99% used [0x00000000f0000000,0x00000000fc498fb8,0x00000000fc600000)
  from space 18944K, 80% used [0x00000000fed80000,0x00000000ffc570b8,0x0000000100000000)
  to   space 29696K, 0% used [0x00000000fc600000,0x00000000fc600000,0x00000000fe300000)
 ParOldGen       total 92160K, used 76065K [0x00000000d0000000, 0x00000000d5a00000, 0x00000000f0000000)
  object space 92160K, 82% used [0x00000000d0000000,0x00000000d4a485e8,0x00000000d5a00000)
 Metaspace       used 59054K, capacity 60716K, committed 61056K, reserved 1103872K
  class space    used 6514K, capacity 6980K, committed 7040K, reserved 1048576K
Event: 23.103 GC heap after
Heap after GC invocations=51 (full 4):
 PSYoungGen      total 226304K, used 23275K [0x00000000f0000000, 0x0000000100000000, 0x0000000100000000)
  eden space 202752K, 0% used [0x00000000f0000000,0x00000000f0000000,0x00000000fc600000)
  from space 23552K, 98% used [0x00000000fc600000,0x00000000fdcbaea0,0x00000000fdd00000)
  to   space 32256K, 0% used [0x00000000fe080000,0x00000000fe080000,0x0000000100000000)
 ParOldGen       total 92160K, used 76637K [0x00000000d0000000, 0x00000000d5a00000, 0x00000000f0000000)
  object space 92160K, 83% used [0x00000000d0000000,0x00000000d4ad7608,0x00000000d5a00000)
 Metaspace       used 59054K, capacity 60716K, committed 61056K, reserved 1103872K
  class space    used 6514K, capacity 6980K, committed 7040K, reserved 1048576K
}

