# JRE version: Java(TM) SE Runtime Environment (8.0_11-b12) (build 1.8.0_11-b12)
# Java VM: Java HotSpot(TM) 64-Bit Server VM (25.11-b03 mixed mode windows-amd64 compressed oops)
Heap:
 PSYoungGen      total 216576K, used 177644K [0x00000000f0000000, 0x0000000100000000, 0x0000000100000000)
  eden space 177664K, 82% used [0x00000000f0000000,0x00000000f8f74e50,0x00000000fad80000)
  from space 38912K, 79% used [0x00000000fad80000,0x00000000fcb861e0,0x00000000fd380000)
  to   space 42496K, 0% used [0x00000000fd680000,0x00000000fd680000,0x0000000100000000)
 ParOldGen       total 76800K, used 67523K [0x00000000d0000000, 0x00000000d4b00000, 0x00000000f0000000)
  object space 76800K, 87% used [0x00000000d0000000,0x00000000d41f0dc8,0x00000000d4b00000)
 Metaspace       used 59562K, capacity 61254K, committed 61676K, reserved 1103872K
  class space    used 6575K, capacity 7071K, committed 7168K, reserved 1048576K
GC Heap History (10 events):
Event: 78.776 GC heap before
{Heap before GC invocations=70 (full 5):
 PSYoungGen      total 217600K, used 176758K [0x00000000f0000000, 0x0000000100000000, 0x0000000100000000)
  eden space 174080K, 100% used [0x00000000f0000000,0x00000000faa00000,0x00000000faa00000)
  from space 43520K, 6% used [0x00000000fd580000,0x00000000fd81dbc0,0x0000000100000000)
  to   space 44032K, 0% used [0x00000000faa00000,0x00000000faa00000,0x00000000fd500000)
 ParOldGen       total 76800K, used 67275K [0x00000000d0000000, 0x00000000d4b00000, 0x00000000f0000000)
  object space 76800K, 87% used [0x00000000d0000000,0x00000000d41b2dc8,0x00000000d4b00000)
 Metaspace       used 53882K, capacity 55440K, committed 55788K, reserved 1099776K
  class space    used 5890K, capacity 6346K, committed 6400K, reserved 1048576K
Event: 78.799 GC heap after
Heap after GC invocations=70 (full 5):
 PSYoungGen      total 180224K, used 6001K [0x00000000f0000000, 0x00000000ffe80000, 0x0000000100000000)
  eden space 174080K, 0% used [0x00000000f0000000,0x00000000f0000000,0x00000000faa00000)
  from space 6144K, 97% used [0x00000000faa00000,0x00000000fafdc6e8,0x00000000fb000000)
  to   space 43008K, 0% used [0x00000000fd480000,0x00000000fd480000,0x00000000ffe80000)
 ParOldGen       total 76800K, used 67491K [0x00000000d0000000, 0x00000000d4b00000, 0x00000000f0000000)
  object space 76800K, 87% used [0x00000000d0000000,0x00000000d41e8dc8,0x00000000d4b00000)
 Metaspace       used 53882K, capacity 55440K, committed 55788K, reserved 1099776K
  class space    used 5890K, capacity 6346K, committed 6400K, reserved 1048576K
}
Event: 81.214 GC heap before
{Heap before GC invocations=71 (full 5):
 PSYoungGen      total 180224K, used 180081K [0x00000000f0000000, 0x00000000ffe80000, 0x0000000100000000)
  eden space 174080K, 100% used [0x00000000f0000000,0x00000000faa00000,0x00000000faa00000)
  from space 6144K, 97% used [0x00000000faa00000,0x00000000fafdc6e8,0x00000000fb000000)
  to   space 43008K, 0% used [0x00000000fd480000,0x00000000fd480000,0x00000000ffe80000)
 ParOldGen       total 76800K, used 67491K [0x00000000d0000000, 0x00000000d4b00000, 0x00000000f0000000)
  object space 76800K, 87% used [0x00000000d0000000,0x00000000d41e8dc8,0x00000000d4b00000)
 Metaspace       used 54644K, capacity 56240K, committed 56428K, reserved 1099776K
  class space    used 5996K, capacity 6442K, committed 6528K, reserved 1048576K
Event: 81.267 GC heap after
Heap after GC invocations=71 (full 5):
 PSYoungGen      total 218624K, used 7645K [0x00000000f0000000, 0x0000000100000000, 0x0000000100000000)
  eden space 175616K, 0% used [0x00000000f0000000,0x00000000f0000000,0x00000000fab80000)
  from space 43008K, 17% used [0x00000000fd480000,0x00000000fdbf7638,0x00000000ffe80000)
  to   space 41984K, 0% used [0x00000000fab80000,0x00000000fab80000,0x00000000fd480000)
 ParOldGen       total 76800K, used 67499K [0x00000000d0000000, 0x00000000d4b00000, 0x00000000f0000000)
  object space 76800K, 87% used [0x00000000d0000000,0x00000000d41eadc8,0x00000000d4b00000)
 Metaspace       used 54644K, capacity 56240K, committed 56428K, reserved 1099776K
  class space    used 5996K, capacity 6442K, committed 6528K, reserved 1048576K
}
Event: 86.523 GC heap before
{Heap before GC invocations=72 (full 5):
 PSYoungGen      total 218624K, used 183261K [0x00000000f0000000, 0x0000000100000000, 0x0000000100000000)
  eden space 175616K, 100% used [0x00000000f0000000,0x00000000fab80000,0x00000000fab80000)
  from space 43008K, 17% used [0x00000000fd480000,0x00000000fdbf7638,0x00000000ffe80000)
  to   space 41984K, 0% used [0x00000000fab80000,0x00000000fab80000,0x00000000fd480000)
 ParOldGen       total 76800K, used 67499K [0x00000000d0000000, 0x00000000d4b00000, 0x00000000f0000000)
  object space 76800K, 87% used [0x00000000d0000000,0x00000000d41eadc8,0x00000000d4b00000)
 Metaspace       used 55576K, capacity 57176K, committed 57580K, reserved 1099776K
  class space    used 6105K, capacity 6551K, committed 6656K, reserved 1048576K
Event: 86.565 GC heap after
Heap after GC invocations=72 (full 5):
 PSYoungGen      total 188416K, used 12685K [0x00000000f0000000, 0x00000000ffa00000, 0x0000000100000000)
  eden space 175616K, 0% used [0x00000000f0000000,0x00000000f0000000,0x00000000fab80000)
  from space 12800K, 99% used [0x00000000fab80000,0x00000000fb7e3668,0x00000000fb800000)
  to   space 39424K, 0% used [0x00000000fd380000,0x00000000fd380000,0x00000000ffa00000)
 ParOldGen       total 76800K, used 67507K [0x00000000d0000000, 0x00000000d4b00000, 0x00000000f0000000)
  object space 76800K, 87% used [0x00000000d0000000,0x00000000d41ecdc8,0x00000000d4b00000)
 Metaspace       used 55576K, capacity 57176K, committed 57580K, reserved 1099776K
  class space    used 6105K, capacity 6551K, committed 6656K, reserved 1048576K
}
Event: 90.992 GC heap before
{Heap before GC invocations=73 (full 5):
 PSYoungGen      total 188416K, used 188301K [0x00000000f0000000, 0x00000000ffa00000, 0x0000000100000000)
  eden space 175616K, 100% used [0x00000000f0000000,0x00000000fab80000,0x00000000fab80000)
  from space 12800K, 99% used [0x00000000fab80000,0x00000000fb7e3668,0x00000000fb800000)
  to   space 39424K, 0% used [0x00000000fd380000,0x00000000fd380000,0x00000000ffa00000)
 ParOldGen       total 76800K, used 67507K [0x00000000d0000000, 0x00000000d4b00000, 0x00000000f0000000)
  object space 76800K, 87% used [0x00000000d0000000,0x00000000d41ecdc8,0x00000000d4b00000)
 Metaspace       used 57024K, capacity 58712K, committed 58988K, reserved 1101824K
  class space    used 6239K, capacity 6720K, committed 6784K, reserved 1048576K
Event: 91.063 GC heap after
Heap after GC invocations=73 (full 5):
 PSYoungGen      total 217088K, used 20165K [0x00000000f0000000, 0x0000000100000000, 0x0000000100000000)
  eden space 177664K, 0% used [0x00000000f0000000,0x00000000f0000000,0x00000000fad80000)
  from space 39424K, 51% used [0x00000000fd380000,0x00000000fe7315e0,0x00000000ffa00000)
  to   space 38912K, 0% used [0x00000000fad80000,0x00000000fad80000,0x00000000fd380000)
 ParOldGen       total 76800K, used 67515K [0x00000000d0000000, 0x00000000d4b00000, 0x00000000f0000000)
  object space 76800K, 87% used [0x00000000d0000000,0x00000000d41eedc8,0x00000000d4b00000)
 Metaspace       used 57024K, capacity 58712K, committed 58988K, reserved 1101824K
  class space    used 6239K, capacity 6720K, committed 6784K, reserved 1048576K
}
Event: 97.563 GC heap before
{Heap before GC invocations=74 (full 5):
 PSYoungGen      total 217088K, used 197829K [0x00000000f0000000, 0x0000000100000000, 0x0000000100000000)
  eden space 177664K, 100% used [0x00000000f0000000,0x00000000fad80000,0x00000000fad80000)
  from space 39424K, 51% used [0x00000000fd380000,0x00000000fe7315e0,0x00000000ffa00000)
  to   space 38912K, 0% used [0x00000000fad80000,0x00000000fad80000,0x00000000fd380000)
 ParOldGen       total 76800K, used 67515K [0x00000000d0000000, 0x00000000d4b00000, 0x00000000f0000000)
  object space 76800K, 87% used [0x00000000d0000000,0x00000000d41eedc8,0x00000000d4b00000)
 Metaspace       used 58691K, capacity 60368K, committed 60780K, reserved 1103872K
  class space    used 6439K, capacity 6948K, committed 7040K, reserved 1048576K
Event: 97.702 GC heap after
Heap after GC invocations=74 (full 5):
 PSYoungGen      total 216576K, used 30744K [0x00000000f0000000, 0x0000000100000000, 0x0000000100000000)
  eden space 177664K, 0% used [0x00000000f0000000,0x00000000f0000000,0x00000000fad80000)
  from space 38912K, 79% used [0x00000000fad80000,0x00000000fcb861e0,0x00000000fd380000)
  to   space 42496K, 0% used [0x00000000fd680000,0x00000000fd680000,0x0000000100000000)
 ParOldGen       total 76800K, used 67523K [0x00000000d0000000, 0x00000000d4b00000, 0x00000000f0000000)
  object space 76800K, 87% used [0x00000000d0000000,0x00000000d41f0dc8,0x00000000d4b00000)
 Metaspace       used 58691K, capacity 60368K, committed 60780K, reserved 1103872K
  class space    used 6439K, capacity 6948K, committed 7040K, reserved 1048576K
}

