# JRE version: Java(TM) SE Runtime Environment (8.0_11-b12) (build 1.8.0_11-b12)
# Java VM: Java HotSpot(TM) 64-Bit Server VM (25.11-b03 mixed mode windows-amd64 compressed oops)
Heap:
 PSYoungGen      total 233984K, used 200599K [0x00000000f0000000, 0x0000000100000000, 0x0000000100000000)
  eden space 213504K, 85% used [0x00000000f0000000,0x00000000fb21eee8,0x00000000fd080000)
  from space 20480K, 88% used [0x00000000fd080000,0x00000000fe247040,0x00000000fe480000)
  to   space 26624K, 0% used [0x00000000fe600000,0x00000000fe600000,0x0000000100000000)
 ParOldGen       total 91136K, used 75783K [0x00000000d0000000, 0x00000000d5900000, 0x00000000f0000000)
  object space 91136K, 83% used [0x00000000d0000000,0x00000000d4a01ea8,0x00000000d5900000)
 Metaspace       used 59604K, capacity 61348K, committed 61696K, reserved 1103872K
  class space    used 6608K, capacity 7084K, committed 7168K, reserved 1048576K
GC Heap History (10 events):
Event: 15.753 GC heap before
{Heap before GC invocations=61 (full 5):
 PSYoungGen      total 211968K, used 198623K [0x00000000f0000000, 0x00000000fe680000, 0x0000000100000000)
  eden space 197120K, 97% used [0x00000000f0000000,0x00000000fbbc8b30,0x00000000fc080000)
  from space 14848K, 42% used [0x00000000fc080000,0x00000000fc6af250,0x00000000fcf00000)
  to   space 14336K, 0% used [0x00000000fd880000,0x00000000fd880000,0x00000000fe680000)
 ParOldGen       total 76288K, used 63538K [0x00000000d0000000, 0x00000000d4a80000, 0x00000000f0000000)
  object space 76288K, 83% used [0x00000000d0000000,0x00000000d3e0ca60,0x00000000d4a80000)
 Metaspace       used 53976K, capacity 55446K, committed 55808K, reserved 1099776K
  class space    used 5925K, capacity 6376K, committed 6400K, reserved 1048576K
Event: 15.771 GC heap after
Heap after GC invocations=61 (full 5):
 PSYoungGen      total 221184K, used 9759K [0x00000000f0000000, 0x00000000fe880000, 0x0000000100000000)
  eden space 206848K, 0% used [0x00000000f0000000,0x00000000f0000000,0x00000000fca00000)
  from space 14336K, 68% used [0x00000000fd880000,0x00000000fe207df8,0x00000000fe680000)
  to   space 14848K, 0% used [0x00000000fca00000,0x00000000fca00000,0x00000000fd880000)
 ParOldGen       total 76288K, used 63546K [0x00000000d0000000, 0x00000000d4a80000, 0x00000000f0000000)
  object space 76288K, 83% used [0x00000000d0000000,0x00000000d3e0ea60,0x00000000d4a80000)
 Metaspace       used 53976K, capacity 55446K, committed 55808K, reserved 1099776K
  class space    used 5925K, capacity 6376K, committed 6400K, reserved 1048576K
}
Event: 16.302 GC heap before
{Heap before GC invocations=62 (full 5):
 PSYoungGen      total 221184K, used 216607K [0x00000000f0000000, 0x00000000fe880000, 0x0000000100000000)
  eden space 206848K, 100% used [0x00000000f0000000,0x00000000fca00000,0x00000000fca00000)
  from space 14336K, 68% used [0x00000000fd880000,0x00000000fe207df8,0x00000000fe680000)
  to   space 14848K, 0% used [0x00000000fca00000,0x00000000fca00000,0x00000000fd880000)
 ParOldGen       total 76288K, used 63546K [0x00000000d0000000, 0x00000000d4a80000, 0x00000000f0000000)
  object space 76288K, 83% used [0x00000000d0000000,0x00000000d3e0ea60,0x00000000d4a80000)
 Metaspace       used 55066K, capacity 56616K, committed 56960K, reserved 1099776K
  class space    used 6056K, capacity 6507K, committed 6528K, reserved 1048576K
Event: 16.314 GC heap after
Heap after GC invocations=62 (full 5):
 PSYoungGen      total 221696K, used 13377K [0x00000000f0000000, 0x00000000ff480000, 0x0000000100000000)
  eden space 206848K, 0% used [0x00000000f0000000,0x00000000f0000000,0x00000000fca00000)
  from space 14848K, 90% used [0x00000000fca00000,0x00000000fd710590,0x00000000fd880000)
  to   space 16384K, 0% used [0x00000000fe480000,0x00000000fe480000,0x00000000ff480000)
 ParOldGen       total 76288K, used 63554K [0x00000000d0000000, 0x00000000d4a80000, 0x00000000f0000000)
  object space 76288K, 83% used [0x00000000d0000000,0x00000000d3e10a60,0x00000000d4a80000)
 Metaspace       used 55066K, capacity 56616K, committed 56960K, reserved 1099776K
  class space    used 6056K, capacity 6507K, committed 6528K, reserved 1048576K
}
Event: 17.312 GC heap before
{Heap before GC invocations=63 (full 5):
 PSYoungGen      total 221696K, used 220225K [0x00000000f0000000, 0x00000000ff480000, 0x0000000100000000)
  eden space 206848K, 100% used [0x00000000f0000000,0x00000000fca00000,0x00000000fca00000)
  from space 14848K, 90% used [0x00000000fca00000,0x00000000fd710590,0x00000000fd880000)
  to   space 16384K, 0% used [0x00000000fe480000,0x00000000fe480000,0x00000000ff480000)
 ParOldGen       total 76288K, used 63554K [0x00000000d0000000, 0x00000000d4a80000, 0x00000000f0000000)
  object space 76288K, 83% used [0x00000000d0000000,0x00000000d3e10a60,0x00000000d4a80000)
 Metaspace       used 56041K, capacity 57694K, committed 57984K, reserved 1099776K
  class space    used 6184K, capacity 6686K, committed 6784K, reserved 1048576K
Event: 17.340 GC heap after
Heap after GC invocations=63 (full 5):
 PSYoungGen      total 229888K, used 16372K [0x00000000f0000000, 0x00000000ffc80000, 0x0000000100000000)
  eden space 213504K, 0% used [0x00000000f0000000,0x00000000f0000000,0x00000000fd080000)
  from space 16384K, 99% used [0x00000000fe480000,0x00000000ff47d030,0x00000000ff480000)
  to   space 20480K, 0% used [0x00000000fd080000,0x00000000fd080000,0x00000000fe480000)
 ParOldGen       total 76288K, used 67566K [0x00000000d0000000, 0x00000000d4a80000, 0x00000000f0000000)
  object space 76288K, 88% used [0x00000000d0000000,0x00000000d41fba70,0x00000000d4a80000)
 Metaspace       used 56041K, capacity 57694K, committed 57984K, reserved 1099776K
  class space    used 6184K, capacity 6686K, committed 6784K, reserved 1048576K
}
Event: 18.498 GC heap before
{Heap before GC invocations=64 (full 5):
 PSYoungGen      total 229888K, used 229876K [0x00000000f0000000, 0x00000000ffc80000, 0x0000000100000000)
  eden space 213504K, 100% used [0x00000000f0000000,0x00000000fd080000,0x00000000fd080000)
  from space 16384K, 99% used [0x00000000fe480000,0x00000000ff47d030,0x00000000ff480000)
  to   space 20480K, 0% used [0x00000000fd080000,0x00000000fd080000,0x00000000fe480000)
 ParOldGen       total 76288K, used 67566K [0x00000000d0000000, 0x00000000d4a80000, 0x00000000f0000000)
  object space 76288K, 88% used [0x00000000d0000000,0x00000000d41fba70,0x00000000d4a80000)
 Metaspace       used 57797K, capacity 59472K, committed 59904K, reserved 1101824K
  class space    used 6307K, capacity 6785K, committed 6912K, reserved 1048576K
Event: 18.529 GC heap after
Heap after GC invocations=64 (full 5):
 PSYoungGen      total 233984K, used 20464K [0x00000000f0000000, 0x0000000100000000, 0x0000000100000000)
  eden space 213504K, 0% used [0x00000000f0000000,0x00000000f0000000,0x00000000fd080000)
  from space 20480K, 99% used [0x00000000fd080000,0x00000000fe47c300,0x00000000fe480000)
  to   space 26624K, 0% used [0x00000000fe600000,0x00000000fe600000,0x0000000100000000)
 ParOldGen       total 76288K, used 74682K [0x00000000d0000000, 0x00000000d4a80000, 0x00000000f0000000)
  object space 76288K, 97% used [0x00000000d0000000,0x00000000d48ee910,0x00000000d4a80000)
 Metaspace       used 57797K, capacity 59472K, committed 59904K, reserved 1101824K
  class space    used 6307K, capacity 6785K, committed 6912K, reserved 1048576K
}
Event: 18.529 GC heap before
{Heap before GC invocations=65 (full 6):
 PSYoungGen      total 233984K, used 20464K [0x00000000f0000000, 0x0000000100000000, 0x0000000100000000)
  eden space 213504K, 0% used [0x00000000f0000000,0x00000000f0000000,0x00000000fd080000)
  from space 20480K, 99% used [0x00000000fd080000,0x00000000fe47c300,0x00000000fe480000)
  to   space 26624K, 0% used [0x00000000fe600000,0x00000000fe600000,0x0000000100000000)
 ParOldGen       total 76288K, used 74682K [0x00000000d0000000, 0x00000000d4a80000, 0x00000000f0000000)
  object space 76288K, 97% used [0x00000000d0000000,0x00000000d48ee910,0x00000000d4a80000)
 Metaspace       used 57797K, capacity 59472K, committed 59904K, reserved 1101824K
  class space    used 6307K, capacity 6785K, committed 6912K, reserved 1048576K
Event: 19.345 GC heap after
Heap after GC invocations=65 (full 6):
 PSYoungGen      total 233984K, used 18204K [0x00000000f0000000, 0x0000000100000000, 0x0000000100000000)
  eden space 213504K, 0% used [0x00000000f0000000,0x00000000f0000000,0x00000000fd080000)
  from space 20480K, 88% used [0x00000000fd080000,0x00000000fe247040,0x00000000fe480000)
  to   space 26624K, 0% used [0x00000000fe600000,0x00000000fe600000,0x0000000100000000)
 ParOldGen       total 91136K, used 75783K [0x00000000d0000000, 0x00000000d5900000, 0x00000000f0000000)
  object space 91136K, 83% used [0x00000000d0000000,0x00000000d4a01ea8,0x00000000d5900000)
 Metaspace       used 57797K, capacity 59472K, committed 59904K, reserved 1101824K
  class space    used 6307K, capacity 6785K, committed 6912K, reserved 1048576K
}

