# JRE version: Java(TM) SE Runtime Environment (8.0_11-b12) (build 1.8.0_11-b12)
# Java VM: Java HotSpot(TM) 64-Bit Server VM (25.11-b03 mixed mode windows-amd64 compressed oops)
Heap:
 PSYoungGen      total 232448K, used 55891K [0x00000000f0000000, 0x0000000100000000, 0x0000000100000000)
  eden space 212992K, 17% used [0x00000000f0000000,0x00000000f24064e8,0x00000000fd000000)
  from space 19456K, 97% used [0x00000000fd000000,0x00000000fe28e8f8,0x00000000fe300000)
  to   space 26624K, 0% used [0x00000000fe600000,0x00000000fe600000,0x0000000100000000)
 ParOldGen       total 98816K, used 81544K [0x00000000d0000000, 0x00000000d6080000, 0x00000000f0000000)
  object space 98816K, 82% used [0x00000000d0000000,0x00000000d4fa21d0,0x00000000d6080000)
 Metaspace       used 59563K, capacity 61324K, committed 61644K, reserved 1103872K
  class space    used 6602K, capacity 7080K, committed 7168K, reserved 1048576K
GC Heap History (10 events):
Event: 15.936 GC heap before
{Heap before GC invocations=51 (full 5):
 PSYoungGen      total 249344K, used 246292K [0x00000000f0000000, 0x0000000100000000, 0x0000000100000000)
  eden space 237056K, 100% used [0x00000000f0000000,0x00000000fe780000,0x00000000fe780000)
  from space 12288K, 75% used [0x00000000fe780000,0x00000000ff085290,0x00000000ff380000)
  to   space 12800K, 0% used [0x00000000ff380000,0x00000000ff380000,0x0000000100000000)
 ParOldGen       total 77312K, used 63227K [0x00000000d0000000, 0x00000000d4b80000, 0x00000000f0000000)
  object space 77312K, 81% used [0x00000000d0000000,0x00000000d3dbee58,0x00000000d4b80000)
 Metaspace       used 54406K, capacity 55898K, committed 56140K, reserved 1099776K
  class space    used 5979K, capacity 6440K, committed 6528K, reserved 1048576K
Event: 15.946 GC heap after
Heap after GC invocations=51 (full 5):
 PSYoungGen      total 245248K, used 12798K [0x00000000f0000000, 0x0000000100000000, 0x0000000100000000)
  eden space 232448K, 0% used [0x00000000f0000000,0x00000000f0000000,0x00000000fe300000)
  from space 12800K, 99% used [0x00000000ff380000,0x00000000fffff940,0x0000000100000000)
  to   space 14848K, 0% used [0x00000000fe300000,0x00000000fe300000,0x00000000ff180000)
 ParOldGen       total 77312K, used 63449K [0x00000000d0000000, 0x00000000d4b80000, 0x00000000f0000000)
  object space 77312K, 82% used [0x00000000d0000000,0x00000000d3df6548,0x00000000d4b80000)
 Metaspace       used 54406K, capacity 55898K, committed 56140K, reserved 1099776K
  class space    used 5979K, capacity 6440K, committed 6528K, reserved 1048576K
}
Event: 16.903 GC heap before
{Heap before GC invocations=52 (full 5):
 PSYoungGen      total 245248K, used 245246K [0x00000000f0000000, 0x0000000100000000, 0x0000000100000000)
  eden space 232448K, 100% used [0x00000000f0000000,0x00000000fe300000,0x00000000fe300000)
  from space 12800K, 99% used [0x00000000ff380000,0x00000000fffff940,0x0000000100000000)
  to   space 14848K, 0% used [0x00000000fe300000,0x00000000fe300000,0x00000000ff180000)
 ParOldGen       total 77312K, used 63449K [0x00000000d0000000, 0x00000000d4b80000, 0x00000000f0000000)
  object space 77312K, 82% used [0x00000000d0000000,0x00000000d3df6548,0x00000000d4b80000)
 Metaspace       used 55667K, capacity 57244K, committed 57548K, reserved 1099776K
  class space    used 6131K, capacity 6620K, committed 6656K, reserved 1048576K
Event: 16.927 GC heap after
Heap after GC invocations=52 (full 5):
 PSYoungGen      total 247296K, used 14816K [0x00000000f0000000, 0x0000000100000000, 0x0000000100000000)
  eden space 232448K, 0% used [0x00000000f0000000,0x00000000f0000000,0x00000000fe300000)
  from space 14848K, 99% used [0x00000000fe300000,0x00000000ff178030,0x00000000ff180000)
  to   space 14848K, 0% used [0x00000000ff180000,0x00000000ff180000,0x0000000100000000)
 ParOldGen       total 77312K, used 68002K [0x00000000d0000000, 0x00000000d4b80000, 0x00000000f0000000)
  object space 77312K, 87% used [0x00000000d0000000,0x00000000d4268820,0x00000000d4b80000)
 Metaspace       used 55667K, capacity 57244K, committed 57548K, reserved 1099776K
  class space    used 6131K, capacity 6620K, committed 6656K, reserved 1048576K
}
Event: 18.084 GC heap before
{Heap before GC invocations=53 (full 5):
 PSYoungGen      total 247296K, used 237589K [0x00000000f0000000, 0x0000000100000000, 0x0000000100000000)
  eden space 232448K, 95% used [0x00000000f0000000,0x00000000fd98d590,0x00000000fe300000)
  from space 14848K, 99% used [0x00000000fe300000,0x00000000ff178030,0x00000000ff180000)
  to   space 14848K, 0% used [0x00000000ff180000,0x00000000ff180000,0x0000000100000000)
 ParOldGen       total 77312K, used 68002K [0x00000000d0000000, 0x00000000d4b80000, 0x00000000f0000000)
  object space 77312K, 87% used [0x00000000d0000000,0x00000000d4268820,0x00000000d4b80000)
 Metaspace       used 57409K, capacity 59124K, committed 59468K, reserved 1101824K
  class space    used 6279K, capacity 6753K, committed 6784K, reserved 1048576K
Event: 18.100 GC heap after
Heap after GC invocations=53 (full 5):
 PSYoungGen      total 227840K, used 14833K [0x00000000f0000000, 0x0000000100000000, 0x0000000100000000)
  eden space 212992K, 0% used [0x00000000f0000000,0x00000000f0000000,0x00000000fd000000)
  from space 14848K, 99% used [0x00000000ff180000,0x00000000ffffc570,0x0000000100000000)
  to   space 24576K, 0% used [0x00000000fd000000,0x00000000fd000000,0x00000000fe800000)
 ParOldGen       total 81408K, used 80021K [0x00000000d0000000, 0x00000000d4f80000, 0x00000000f0000000)
  object space 81408K, 98% used [0x00000000d0000000,0x00000000d4e255d0,0x00000000d4f80000)
 Metaspace       used 57409K, capacity 59124K, committed 59468K, reserved 1101824K
  class space    used 6279K, capacity 6753K, committed 6784K, reserved 1048576K
}
Event: 18.101 GC heap before
{Heap before GC invocations=54 (full 6):
 PSYoungGen      total 227840K, used 14833K [0x00000000f0000000, 0x0000000100000000, 0x0000000100000000)
  eden space 212992K, 0% used [0x00000000f0000000,0x00000000f0000000,0x00000000fd000000)
  from space 14848K, 99% used [0x00000000ff180000,0x00000000ffffc570,0x0000000100000000)
  to   space 24576K, 0% used [0x00000000fd000000,0x00000000fd000000,0x00000000fe800000)
 ParOldGen       total 81408K, used 80021K [0x00000000d0000000, 0x00000000d4f80000, 0x00000000f0000000)
  object space 81408K, 98% used [0x00000000d0000000,0x00000000d4e255d0,0x00000000d4f80000)
 Metaspace       used 57409K, capacity 59124K, committed 59468K, reserved 1101824K
  class space    used 6279K, capacity 6753K, committed 6784K, reserved 1048576K
Event: 18.981 GC heap after
Heap after GC invocations=54 (full 6):
 PSYoungGen      total 227840K, used 10178K [0x00000000f0000000, 0x0000000100000000, 0x0000000100000000)
  eden space 212992K, 0% used [0x00000000f0000000,0x00000000f0000000,0x00000000fd000000)
  from space 14848K, 68% used [0x00000000ff180000,0x00000000ffb70970,0x0000000100000000)
  to   space 24576K, 0% used [0x00000000fd000000,0x00000000fd000000,0x00000000fe800000)
 ParOldGen       total 98816K, used 81280K [0x00000000d0000000, 0x00000000d6080000, 0x00000000f0000000)
  object space 98816K, 82% used [0x00000000d0000000,0x00000000d4f601d0,0x00000000d6080000)
 Metaspace       used 57409K, capacity 59124K, committed 59468K, reserved 1101824K
  class space    used 6279K, capacity 6753K, committed 6784K, reserved 1048576K
}
Event: 19.644 GC heap before
{Heap before GC invocations=55 (full 6):
 PSYoungGen      total 227840K, used 223170K [0x00000000f0000000, 0x0000000100000000, 0x0000000100000000)
  eden space 212992K, 100% used [0x00000000f0000000,0x00000000fd000000,0x00000000fd000000)
  from space 14848K, 68% used [0x00000000ff180000,0x00000000ffb70970,0x0000000100000000)
  to   space 24576K, 0% used [0x00000000fd000000,0x00000000fd000000,0x00000000fe800000)
 ParOldGen       total 98816K, used 81280K [0x00000000d0000000, 0x00000000d6080000, 0x00000000f0000000)
  object space 98816K, 82% used [0x00000000d0000000,0x00000000d4f601d0,0x00000000d6080000)
 Metaspace       used 59370K, capacity 61062K, committed 61260K, reserved 1103872K
  class space    used 6552K, capacity 7014K, committed 7040K, reserved 1048576K
Event: 19.667 GC heap after
Heap after GC invocations=55 (full 6):
 PSYoungGen      total 232448K, used 19002K [0x00000000f0000000, 0x0000000100000000, 0x0000000100000000)
  eden space 212992K, 0% used [0x00000000f0000000,0x00000000f0000000,0x00000000fd000000)
  from space 19456K, 97% used [0x00000000fd000000,0x00000000fe28e8f8,0x00000000fe300000)
  to   space 26624K, 0% used [0x00000000fe600000,0x00000000fe600000,0x0000000100000000)
 ParOldGen       total 98816K, used 81544K [0x00000000d0000000, 0x00000000d6080000, 0x00000000f0000000)
  object space 98816K, 82% used [0x00000000d0000000,0x00000000d4fa21d0,0x00000000d6080000)
 Metaspace       used 59370K, capacity 61062K, committed 61260K, reserved 1103872K
  class space    used 6552K, capacity 7014K, committed 7040K, reserved 1048576K
}

