# JRE version: Java(TM) SE Runtime Environment (8.0_11-b12) (build 1.8.0_11-b12)
# Java VM: Java HotSpot(TM) 64-Bit Server VM (25.11-b03 mixed mode windows-amd64 compressed oops)
Heap:
 PSYoungGen      total 223232K, used 71438K [0x00000000f0000000, 0x0000000100000000, 0x0000000100000000)
  eden space 202752K, 25% used [0x00000000f0000000,0x00000000f31c4870,0x00000000fc600000)
  from space 20480K, 99% used [0x00000000fec00000,0x00000000fffff290,0x0000000100000000)
  to   space 29696K, 0% used [0x00000000fc600000,0x00000000fc600000,0x00000000fe300000)
 ParOldGen       total 90112K, used 78868K [0x00000000d0000000, 0x00000000d5800000, 0x00000000f0000000)
  object space 90112K, 87% used [0x00000000d0000000,0x00000000d4d05058,0x00000000d5800000)
 Metaspace       used 59385K, capacity 61106K, committed 61440K, reserved 1103872K
  class space    used 6578K, capacity 7072K, committed 7168K, reserved 1048576K
GC Heap History (10 events):
Event: 18.265 GC heap before
{Heap before GC invocations=62 (full 5):
 PSYoungGen      total 225792K, used 216468K [0x00000000f0000000, 0x00000000fef80000, 0x0000000100000000)
  eden space 209408K, 100% used [0x00000000f0000000,0x00000000fcc80000,0x00000000fcc80000)
  from space 16384K, 43% used [0x00000000fdf80000,0x00000000fe665030,0x00000000fef80000)
  to   space 17920K, 0% used [0x00000000fcc80000,0x00000000fcc80000,0x00000000fde00000)
 ParOldGen       total 76800K, used 63884K [0x00000000d0000000, 0x00000000d4b00000, 0x00000000f0000000)
  object space 76800K, 83% used [0x00000000d0000000,0x00000000d3e63318,0x00000000d4b00000)
 Metaspace       used 54393K, capacity 55968K, committed 56192K, reserved 1099776K
  class space    used 5985K, capacity 6442K, committed 6528K, reserved 1048576K
Event: 18.492 GC heap after
Heap after GC invocations=62 (full 5):
 PSYoungGen      total 227328K, used 10691K [0x00000000f0000000, 0x0000000100000000, 0x0000000100000000)
  eden space 209408K, 0% used [0x00000000f0000000,0x00000000f0000000,0x00000000fcc80000)
  from space 17920K, 59% used [0x00000000fcc80000,0x00000000fd6f0c38,0x00000000fde00000)
  to   space 18432K, 0% used [0x00000000fee00000,0x00000000fee00000,0x0000000100000000)
 ParOldGen       total 76800K, used 63892K [0x00000000d0000000, 0x00000000d4b00000, 0x00000000f0000000)
  object space 76800K, 83% used [0x00000000d0000000,0x00000000d3e65318,0x00000000d4b00000)
 Metaspace       used 54393K, capacity 55968K, committed 56192K, reserved 1099776K
  class space    used 5985K, capacity 6442K, committed 6528K, reserved 1048576K
}
Event: 19.915 GC heap before
{Heap before GC invocations=63 (full 5):
 PSYoungGen      total 227328K, used 220099K [0x00000000f0000000, 0x0000000100000000, 0x0000000100000000)
  eden space 209408K, 100% used [0x00000000f0000000,0x00000000fcc80000,0x00000000fcc80000)
  from space 17920K, 59% used [0x00000000fcc80000,0x00000000fd6f0c38,0x00000000fde00000)
  to   space 18432K, 0% used [0x00000000fee00000,0x00000000fee00000,0x0000000100000000)
 ParOldGen       total 76800K, used 63892K [0x00000000d0000000, 0x00000000d4b00000, 0x00000000f0000000)
  object space 76800K, 83% used [0x00000000d0000000,0x00000000d3e65318,0x00000000d4b00000)
 Metaspace       used 55575K, capacity 57198K, committed 57600K, reserved 1099776K
  class space    used 6123K, capacity 6584K, committed 6656K, reserved 1048576K
Event: 19.981 GC heap after
Heap after GC invocations=63 (full 5):
 PSYoungGen      total 239616K, used 16251K [0x00000000f0000000, 0x0000000100000000, 0x0000000100000000)
  eden space 221184K, 0% used [0x00000000f0000000,0x00000000f0000000,0x00000000fd800000)
  from space 18432K, 88% used [0x00000000fee00000,0x00000000ffdded50,0x0000000100000000)
  to   space 20480K, 0% used [0x00000000fd800000,0x00000000fd800000,0x00000000fec00000)
 ParOldGen       total 76800K, used 64060K [0x00000000d0000000, 0x00000000d4b00000, 0x00000000f0000000)
  object space 76800K, 83% used [0x00000000d0000000,0x00000000d3e8f318,0x00000000d4b00000)
 Metaspace       used 55575K, capacity 57198K, committed 57600K, reserved 1099776K
  class space    used 6123K, capacity 6584K, committed 6656K, reserved 1048576K
}
Event: 21.881 GC heap before
{Heap before GC invocations=64 (full 5):
 PSYoungGen      total 239616K, used 237435K [0x00000000f0000000, 0x0000000100000000, 0x0000000100000000)
  eden space 221184K, 100% used [0x00000000f0000000,0x00000000fd800000,0x00000000fd800000)
  from space 18432K, 88% used [0x00000000fee00000,0x00000000ffdded50,0x0000000100000000)
  to   space 20480K, 0% used [0x00000000fd800000,0x00000000fd800000,0x00000000fec00000)
 ParOldGen       total 76800K, used 64060K [0x00000000d0000000, 0x00000000d4b00000, 0x00000000f0000000)
  object space 76800K, 83% used [0x00000000d0000000,0x00000000d3e8f318,0x00000000d4b00000)
 Metaspace       used 57250K, capacity 58938K, committed 59264K, reserved 1101824K
  class space    used 6269K, capacity 6755K, committed 6784K, reserved 1048576K
Event: 21.980 GC heap after
Heap after GC invocations=64 (full 5):
 PSYoungGen      total 241664K, used 20450K [0x00000000f0000000, 0x0000000100000000, 0x0000000100000000)
  eden space 221184K, 0% used [0x00000000f0000000,0x00000000f0000000,0x00000000fd800000)
  from space 20480K, 99% used [0x00000000fd800000,0x00000000febf8870,0x00000000fec00000)
  to   space 20480K, 0% used [0x00000000fec00000,0x00000000fec00000,0x0000000100000000)
 ParOldGen       total 76800K, used 70557K [0x00000000d0000000, 0x00000000d4b00000, 0x00000000f0000000)
  object space 76800K, 91% used [0x00000000d0000000,0x00000000d44e74e8,0x00000000d4b00000)
 Metaspace       used 57250K, capacity 58938K, committed 59264K, reserved 1101824K
  class space    used 6269K, capacity 6755K, committed 6784K, reserved 1048576K
}
Event: 21.980 GC heap before
{Heap before GC invocations=65 (full 6):
 PSYoungGen      total 241664K, used 20450K [0x00000000f0000000, 0x0000000100000000, 0x0000000100000000)
  eden space 221184K, 0% used [0x00000000f0000000,0x00000000f0000000,0x00000000fd800000)
  from space 20480K, 99% used [0x00000000fd800000,0x00000000febf8870,0x00000000fec00000)
  to   space 20480K, 0% used [0x00000000fec00000,0x00000000fec00000,0x0000000100000000)
 ParOldGen       total 76800K, used 70557K [0x00000000d0000000, 0x00000000d4b00000, 0x00000000f0000000)
  object space 76800K, 91% used [0x00000000d0000000,0x00000000d44e74e8,0x00000000d4b00000)
 Metaspace       used 57250K, capacity 58938K, committed 59264K, reserved 1101824K
  class space    used 6269K, capacity 6755K, committed 6784K, reserved 1048576K
Event: 23.371 GC heap after
Heap after GC invocations=65 (full 6):
 PSYoungGen      total 241664K, used 13675K [0x00000000f0000000, 0x0000000100000000, 0x0000000100000000)
  eden space 221184K, 0% used [0x00000000f0000000,0x00000000f0000000,0x00000000fd800000)
  from space 20480K, 66% used [0x00000000fd800000,0x00000000fe55acb8,0x00000000fec00000)
  to   space 20480K, 0% used [0x00000000fec00000,0x00000000fec00000,0x0000000100000000)
 ParOldGen       total 90112K, used 76651K [0x00000000d0000000, 0x00000000d5800000, 0x00000000f0000000)
  object space 90112K, 85% used [0x00000000d0000000,0x00000000d4adafd8,0x00000000d5800000)
 Metaspace       used 57250K, capacity 58938K, committed 59264K, reserved 1101824K
  class space    used 6269K, capacity 6755K, committed 6784K, reserved 1048576K
}
Event: 25.142 GC heap before
{Heap before GC invocations=66 (full 6):
 PSYoungGen      total 241664K, used 231984K [0x00000000f0000000, 0x0000000100000000, 0x0000000100000000)
  eden space 221184K, 98% used [0x00000000f0000000,0x00000000fd5316a8,0x00000000fd800000)
  from space 20480K, 66% used [0x00000000fd800000,0x00000000fe55acb8,0x00000000fec00000)
  to   space 20480K, 0% used [0x00000000fec00000,0x00000000fec00000,0x0000000100000000)
 ParOldGen       total 90112K, used 76651K [0x00000000d0000000, 0x00000000d5800000, 0x00000000f0000000)
  object space 90112K, 85% used [0x00000000d0000000,0x00000000d4adafd8,0x00000000d5800000)
 Metaspace       used 59152K, capacity 60800K, committed 61056K, reserved 1103872K
  class space    used 6530K, capacity 7012K, committed 7040K, reserved 1048576K
Event: 25.171 GC heap after
Heap after GC invocations=66 (full 6):
 PSYoungGen      total 223232K, used 20476K [0x00000000f0000000, 0x0000000100000000, 0x0000000100000000)
  eden space 202752K, 0% used [0x00000000f0000000,0x00000000f0000000,0x00000000fc600000)
  from space 20480K, 99% used [0x00000000fec00000,0x00000000fffff290,0x0000000100000000)
  to   space 29696K, 0% used [0x00000000fc600000,0x00000000fc600000,0x00000000fe300000)
 ParOldGen       total 90112K, used 78868K [0x00000000d0000000, 0x00000000d5800000, 0x00000000f0000000)
  object space 90112K, 87% used [0x00000000d0000000,0x00000000d4d05058,0x00000000d5800000)
 Metaspace       used 59152K, capacity 60800K, committed 61056K, reserved 1103872K
  class space    used 6530K, capacity 7012K, committed 7040K, reserved 1048576K
}

